ansible 2.7.9
  config file = /etc/ansible/ansible.cfg
  configured module search path = [u'/root/.ansible/plugins/modules', u'/usr/share/ansible/plugins/modules']
  ansible python module location = /usr/lib/python2.7/site-packages/ansible
  executable location = /bin/ansible
  python version = 2.7.5 (default, Oct 30 2018, 23:45:53) [GCC 4.8.5 20150623 (Red Hat 4.8.5-36)]
Using /etc/ansible/ansible.cfg as config file
setting up inventory plugins
/root/Ansible/hosts did not meet host_list requirements, check plugin documentation if this is unexpected
/root/Ansible/hosts did not meet script requirements, check plugin documentation if this is unexpected
Parsed /root/Ansible/hosts inventory source with ini plugin
Loading callback plugin minimal of type stdout, v2.0 from /usr/lib/python2.7/site-packages/ansible/plugins/callback/minimal.pyc
META: ran handlers
<localhost> ESTABLISH SSH CONNECTION FOR USER: root
<localhost> SSH: EXEC ssh -vvv -C -o ControlMaster=auto -o ControlPersist=60s -o Port=2001 -o 'IdentityFile="/root/.ssh/id_rsa"' -o KbdInteractiveAuthentication=no -o PreferredAuthentications=gssapi-with-mic,gssapi-keyex,hostbased,publickey -o PasswordAuthentication=no -o User=root -o ConnectTimeout=10 -o ControlPath=/root/.ansible/cp/69ebd5c64d localhost '/bin/sh -c '"'"'echo ~root && sleep 0'"'"''
<localhost> ESTABLISH SSH CONNECTION FOR USER: root
<localhost> SSH: EXEC ssh -vvv -C -o ControlMaster=auto -o ControlPersist=60s -o Port=2002 -o 'IdentityFile="/root/.ssh/id_rsa"' -o KbdInteractiveAuthentication=no -o PreferredAuthentications=gssapi-with-mic,gssapi-keyex,hostbased,publickey -o PasswordAuthentication=no -o User=root -o ConnectTimeout=10 -o ControlPath=/root/.ansible/cp/ca10be3a0f localhost '/bin/sh -c '"'"'echo ~root && sleep 0'"'"''
<localhost> (0, '/root\n', 'OpenSSH_7.4p1, OpenSSL 1.0.2k-fips  26 Jan 2017\r\ndebug1: Reading configuration data /etc/ssh/ssh_config\r\ndebug1: /etc/ssh/ssh_config line 58: Applying options for *\r\ndebug1: auto-mux: Trying existing master\r\ndebug2: fd 3 setting O_NONBLOCK\r\ndebug2: mux_client_hello_exchange: master version 4\r\ndebug3: mux_client_forwards: request forwardings: 0 local, 0 remote\r\ndebug3: mux_client_request_session: entering\r\ndebug3: mux_client_request_alive: entering\r\ndebug3: mux_client_request_alive: done pid = 96597\r\ndebug3: mux_client_request_session: session request sent\r\ndebug1: mux_client_request_session: master session id: 2\r\ndebug3: mux_client_read_packet: read header failed: Broken pipe\r\ndebug2: Received exit status from master 0\r\n')
<localhost> ESTABLISH SSH CONNECTION FOR USER: root
<localhost> SSH: EXEC ssh -vvv -C -o ControlMaster=auto -o ControlPersist=60s -o Port=2001 -o 'IdentityFile="/root/.ssh/id_rsa"' -o KbdInteractiveAuthentication=no -o PreferredAuthentications=gssapi-with-mic,gssapi-keyex,hostbased,publickey -o PasswordAuthentication=no -o User=root -o ConnectTimeout=10 -o ControlPath=/root/.ansible/cp/69ebd5c64d localhost '/bin/sh -c '"'"'( umask 77 && mkdir -p "` echo /root/.ansible/tmp/ansible-tmp-1554200789.87-241358842116748 `" && echo ansible-tmp-1554200789.87-241358842116748="` echo /root/.ansible/tmp/ansible-tmp-1554200789.87-241358842116748 `" ) && sleep 0'"'"''
<localhost> (0, '/root\n', 'OpenSSH_7.4p1, OpenSSL 1.0.2k-fips  26 Jan 2017\r\ndebug1: Reading configuration data /etc/ssh/ssh_config\r\ndebug1: /etc/ssh/ssh_config line 58: Applying options for *\r\ndebug1: auto-mux: Trying existing master\r\ndebug2: fd 3 setting O_NONBLOCK\r\ndebug2: mux_client_hello_exchange: master version 4\r\ndebug3: mux_client_forwards: request forwardings: 0 local, 0 remote\r\ndebug3: mux_client_request_session: entering\r\ndebug3: mux_client_request_alive: entering\r\ndebug3: mux_client_request_alive: done pid = 96598\r\ndebug3: mux_client_request_session: session request sent\r\ndebug1: mux_client_request_session: master session id: 2\r\ndebug3: mux_client_read_packet: read header failed: Broken pipe\r\ndebug2: Received exit status from master 0\r\n')
<localhost> ESTABLISH SSH CONNECTION FOR USER: root
<localhost> SSH: EXEC ssh -vvv -C -o ControlMaster=auto -o ControlPersist=60s -o Port=2002 -o 'IdentityFile="/root/.ssh/id_rsa"' -o KbdInteractiveAuthentication=no -o PreferredAuthentications=gssapi-with-mic,gssapi-keyex,hostbased,publickey -o PasswordAuthentication=no -o User=root -o ConnectTimeout=10 -o ControlPath=/root/.ansible/cp/ca10be3a0f localhost '/bin/sh -c '"'"'( umask 77 && mkdir -p "` echo /root/.ansible/tmp/ansible-tmp-1554200789.9-94510372060720 `" && echo ansible-tmp-1554200789.9-94510372060720="` echo /root/.ansible/tmp/ansible-tmp-1554200789.9-94510372060720 `" ) && sleep 0'"'"''
<localhost> (0, 'ansible-tmp-1554200789.87-241358842116748=/root/.ansible/tmp/ansible-tmp-1554200789.87-241358842116748\n', 'OpenSSH_7.4p1, OpenSSL 1.0.2k-fips  26 Jan 2017\r\ndebug1: Reading configuration data /etc/ssh/ssh_config\r\ndebug1: /etc/ssh/ssh_config line 58: Applying options for *\r\ndebug1: auto-mux: Trying existing master\r\ndebug2: fd 3 setting O_NONBLOCK\r\ndebug2: mux_client_hello_exchange: master version 4\r\ndebug3: mux_client_forwards: request forwardings: 0 local, 0 remote\r\ndebug3: mux_client_request_session: entering\r\ndebug3: mux_client_request_alive: entering\r\ndebug3: mux_client_request_alive: done pid = 96597\r\ndebug3: mux_client_request_session: session request sent\r\ndebug1: mux_client_request_session: master session id: 2\r\ndebug3: mux_client_read_packet: read header failed: Broken pipe\r\ndebug2: Received exit status from master 0\r\n')
<localhost> (0, 'ansible-tmp-1554200789.9-94510372060720=/root/.ansible/tmp/ansible-tmp-1554200789.9-94510372060720\n', 'OpenSSH_7.4p1, OpenSSL 1.0.2k-fips  26 Jan 2017\r\ndebug1: Reading configuration data /etc/ssh/ssh_config\r\ndebug1: /etc/ssh/ssh_config line 58: Applying options for *\r\ndebug1: auto-mux: Trying existing master\r\ndebug2: fd 3 setting O_NONBLOCK\r\ndebug2: mux_client_hello_exchange: master version 4\r\ndebug3: mux_client_forwards: request forwardings: 0 local, 0 remote\r\ndebug3: mux_client_request_session: entering\r\ndebug3: mux_client_request_alive: entering\r\ndebug3: mux_client_request_alive: done pid = 96598\r\ndebug3: mux_client_request_session: session request sent\r\ndebug1: mux_client_request_session: master session id: 2\r\ndebug3: mux_client_read_packet: read header failed: Broken pipe\r\ndebug2: Received exit status from master 0\r\n')
Using module file /usr/lib/python2.7/site-packages/ansible/modules/system/ping.py
<localhost> PUT /root/.ansible/tmp/ansible-local-99238UT4ZOb/tmpYEm4Ef TO /root/.ansible/tmp/ansible-tmp-1554200789.87-241358842116748/AnsiballZ_ping.py
<localhost> SSH: EXEC sftp -b - -vvv -C -o ControlMaster=auto -o ControlPersist=60s -o Port=2001 -o 'IdentityFile="/root/.ssh/id_rsa"' -o KbdInteractiveAuthentication=no -o PreferredAuthentications=gssapi-with-mic,gssapi-keyex,hostbased,publickey -o PasswordAuthentication=no -o User=root -o ConnectTimeout=10 -o ControlPath=/root/.ansible/cp/69ebd5c64d '[localhost]'
Using module file /usr/lib/python2.7/site-packages/ansible/modules/system/ping.py
<localhost> PUT /root/.ansible/tmp/ansible-local-99238UT4ZOb/tmp0W2DPK TO /root/.ansible/tmp/ansible-tmp-1554200789.9-94510372060720/AnsiballZ_ping.py
<localhost> SSH: EXEC sftp -b - -vvv -C -o ControlMaster=auto -o ControlPersist=60s -o Port=2002 -o 'IdentityFile="/root/.ssh/id_rsa"' -o KbdInteractiveAuthentication=no -o PreferredAuthentications=gssapi-with-mic,gssapi-keyex,hostbased,publickey -o PasswordAuthentication=no -o User=root -o ConnectTimeout=10 -o ControlPath=/root/.ansible/cp/ca10be3a0f '[localhost]'
<localhost> (0, 'sftp> put /root/.ansible/tmp/ansible-local-99238UT4ZOb/tmp0W2DPK /root/.ansible/tmp/ansible-tmp-1554200789.9-94510372060720/AnsiballZ_ping.py\n', 'OpenSSH_7.4p1, OpenSSL 1.0.2k-fips  26 Jan 2017\r\ndebug1: Reading configuration data /etc/ssh/ssh_config\r\ndebug1: /etc/ssh/ssh_config line 58: Applying options for *\r\ndebug1: auto-mux: Trying existing master\r\ndebug2: fd 3 setting O_NONBLOCK\r\ndebug2: mux_client_hello_exchange: master version 4\r\ndebug3: mux_client_forwards: request forwardings: 0 local, 0 remote\r\ndebug3: mux_client_request_session: entering\r\ndebug3: mux_client_request_alive: entering\r\ndebug3: mux_client_request_alive: done pid = 96598\r\ndebug3: mux_client_request_session: session request sent\r\ndebug1: mux_client_request_session: master session id: 2\r\ndebug2: Remote version: 3\r\ndebug2: Server supports extension "posix-rename@openssh.com" revision 1\r\ndebug2: Server supports extension "statvfs@openssh.com" revision 2\r\ndebug2: Server supports extension "fstatvfs@openssh.com" revision 2\r\ndebug2: Server supports extension "hardlink@openssh.com" revision 1\r\ndebug2: Server supports extension "fsync@openssh.com" revision 1\r\ndebug3: Sent message fd 5 T:16 I:1\r\ndebug3: SSH_FXP_REALPATH . -> /root size 0\r\ndebug3: Looking up /root/.ansible/tmp/ansible-local-99238UT4ZOb/tmp0W2DPK\r\ndebug3: Sent message fd 5 T:17 I:2\r\ndebug3: Received stat reply T:101 I:2\r\ndebug1: Couldn\'t stat remote file: No such file or directory\r\ndebug3: Sent message SSH2_FXP_OPEN I:3 P:/root/.ansible/tmp/ansible-tmp-1554200789.9-94510372060720/AnsiballZ_ping.py\r\ndebug3: Sent message SSH2_FXP_WRITE I:4 O:0 S:32768\r\ndebug3: SSH2_FXP_STATUS 0\r\ndebug3: In write loop, ack for 4 32768 bytes at 0\r\ndebug3: Sent message SSH2_FXP_WRITE I:5 O:32768 S:32768\r\ndebug3: Sent message SSH2_FXP_WRITE I:6 O:65536 S:4281\r\ndebug3: SSH2_FXP_STATUS 0\r\ndebug3: In write loop, ack for 5 32768 bytes at 32768\r\ndebug3: SSH2_FXP_STATUS 0\r\ndebug3: In write loop, ack for 6 4281 bytes at 65536\r\ndebug3: Sent message SSH2_FXP_CLOSE I:4\r\ndebug3: SSH2_FXP_STATUS 0\r\ndebug3: mux_client_read_packet: read header failed: Broken pipe\r\ndebug2: Received exit status from master 0\r\n')
<localhost> ESTABLISH SSH CONNECTION FOR USER: root
<localhost> SSH: EXEC ssh -vvv -C -o ControlMaster=auto -o ControlPersist=60s -o Port=2002 -o 'IdentityFile="/root/.ssh/id_rsa"' -o KbdInteractiveAuthentication=no -o PreferredAuthentications=gssapi-with-mic,gssapi-keyex,hostbased,publickey -o PasswordAuthentication=no -o User=root -o ConnectTimeout=10 -o ControlPath=/root/.ansible/cp/ca10be3a0f localhost '/bin/sh -c '"'"'chmod u+x /root/.ansible/tmp/ansible-tmp-1554200789.9-94510372060720/ /root/.ansible/tmp/ansible-tmp-1554200789.9-94510372060720/AnsiballZ_ping.py && sleep 0'"'"''
<localhost> (0, 'sftp> put /root/.ansible/tmp/ansible-local-99238UT4ZOb/tmpYEm4Ef /root/.ansible/tmp/ansible-tmp-1554200789.87-241358842116748/AnsiballZ_ping.py\n', 'OpenSSH_7.4p1, OpenSSL 1.0.2k-fips  26 Jan 2017\r\ndebug1: Reading configuration data /etc/ssh/ssh_config\r\ndebug1: /etc/ssh/ssh_config line 58: Applying options for *\r\ndebug1: auto-mux: Trying existing master\r\ndebug2: fd 3 setting O_NONBLOCK\r\ndebug2: mux_client_hello_exchange: master version 4\r\ndebug3: mux_client_forwards: request forwardings: 0 local, 0 remote\r\ndebug3: mux_client_request_session: entering\r\ndebug3: mux_client_request_alive: entering\r\ndebug3: mux_client_request_alive: done pid = 96597\r\ndebug3: mux_client_request_session: session request sent\r\ndebug1: mux_client_request_session: master session id: 2\r\ndebug2: Remote version: 3\r\ndebug2: Server supports extension "posix-rename@openssh.com" revision 1\r\ndebug2: Server supports extension "statvfs@openssh.com" revision 2\r\ndebug2: Server supports extension "fstatvfs@openssh.com" revision 2\r\ndebug2: Server supports extension "hardlink@openssh.com" revision 1\r\ndebug2: Server supports extension "fsync@openssh.com" revision 1\r\ndebug3: Sent message fd 5 T:16 I:1\r\ndebug3: SSH_FXP_REALPATH . -> /root size 0\r\ndebug3: Looking up /root/.ansible/tmp/ansible-local-99238UT4ZOb/tmpYEm4Ef\r\ndebug3: Sent message fd 5 T:17 I:2\r\ndebug3: Received stat reply T:101 I:2\r\ndebug1: Couldn\'t stat remote file: No such file or directory\r\ndebug3: Sent message SSH2_FXP_OPEN I:3 P:/root/.ansible/tmp/ansible-tmp-1554200789.87-241358842116748/AnsiballZ_ping.py\r\ndebug3: Sent message SSH2_FXP_WRITE I:4 O:0 S:32768\r\ndebug3: SSH2_FXP_STATUS 0\r\ndebug3: In write loop, ack for 4 32768 bytes at 0\r\ndebug3: Sent message SSH2_FXP_WRITE I:5 O:32768 S:32768\r\ndebug3: Sent message SSH2_FXP_WRITE I:6 O:65536 S:4283\r\ndebug3: SSH2_FXP_STATUS 0\r\ndebug3: In write loop, ack for 5 32768 bytes at 32768\r\ndebug3: SSH2_FXP_STATUS 0\r\ndebug3: In write loop, ack for 6 4283 bytes at 65536\r\ndebug3: Sent message SSH2_FXP_CLOSE I:4\r\ndebug3: SSH2_FXP_STATUS 0\r\ndebug3: mux_client_read_packet: read header failed: Broken pipe\r\ndebug2: Received exit status from master 0\r\n')
<localhost> ESTABLISH SSH CONNECTION FOR USER: root
<localhost> SSH: EXEC ssh -vvv -C -o ControlMaster=auto -o ControlPersist=60s -o Port=2001 -o 'IdentityFile="/root/.ssh/id_rsa"' -o KbdInteractiveAuthentication=no -o PreferredAuthentications=gssapi-with-mic,gssapi-keyex,hostbased,publickey -o PasswordAuthentication=no -o User=root -o ConnectTimeout=10 -o ControlPath=/root/.ansible/cp/69ebd5c64d localhost '/bin/sh -c '"'"'chmod u+x /root/.ansible/tmp/ansible-tmp-1554200789.87-241358842116748/ /root/.ansible/tmp/ansible-tmp-1554200789.87-241358842116748/AnsiballZ_ping.py && sleep 0'"'"''
<localhost> (0, '', 'OpenSSH_7.4p1, OpenSSL 1.0.2k-fips  26 Jan 2017\r\ndebug1: Reading configuration data /etc/ssh/ssh_config\r\ndebug1: /etc/ssh/ssh_config line 58: Applying options for *\r\ndebug1: auto-mux: Trying existing master\r\ndebug2: fd 3 setting O_NONBLOCK\r\ndebug2: mux_client_hello_exchange: master version 4\r\ndebug3: mux_client_forwards: request forwardings: 0 local, 0 remote\r\ndebug3: mux_client_request_session: entering\r\ndebug3: mux_client_request_alive: entering\r\ndebug3: mux_client_request_alive: done pid = 96598\r\ndebug3: mux_client_request_session: session request sent\r\ndebug1: mux_client_request_session: master session id: 2\r\ndebug3: mux_client_read_packet: read header failed: Broken pipe\r\ndebug2: Received exit status from master 0\r\n')
<localhost> ESTABLISH SSH CONNECTION FOR USER: root
<localhost> SSH: EXEC ssh -vvv -C -o ControlMaster=auto -o ControlPersist=60s -o Port=2002 -o 'IdentityFile="/root/.ssh/id_rsa"' -o KbdInteractiveAuthentication=no -o PreferredAuthentications=gssapi-with-mic,gssapi-keyex,hostbased,publickey -o PasswordAuthentication=no -o User=root -o ConnectTimeout=10 -o ControlPath=/root/.ansible/cp/ca10be3a0f -tt localhost '/bin/sh -c '"'"'/usr/bin/python /root/.ansible/tmp/ansible-tmp-1554200789.9-94510372060720/AnsiballZ_ping.py && sleep 0'"'"''
<localhost> (0, '', 'OpenSSH_7.4p1, OpenSSL 1.0.2k-fips  26 Jan 2017\r\ndebug1: Reading configuration data /etc/ssh/ssh_config\r\ndebug1: /etc/ssh/ssh_config line 58: Applying options for *\r\ndebug1: auto-mux: Trying existing master\r\ndebug2: fd 3 setting O_NONBLOCK\r\ndebug2: mux_client_hello_exchange: master version 4\r\ndebug3: mux_client_forwards: request forwardings: 0 local, 0 remote\r\ndebug3: mux_client_request_session: entering\r\ndebug3: mux_client_request_alive: entering\r\ndebug3: mux_client_request_alive: done pid = 96597\r\ndebug3: mux_client_request_session: session request sent\r\ndebug1: mux_client_request_session: master session id: 2\r\ndebug3: mux_client_read_packet: read header failed: Broken pipe\r\ndebug2: Received exit status from master 0\r\n')
<localhost> ESTABLISH SSH CONNECTION FOR USER: root
<localhost> SSH: EXEC ssh -vvv -C -o ControlMaster=auto -o ControlPersist=60s -o Port=2001 -o 'IdentityFile="/root/.ssh/id_rsa"' -o KbdInteractiveAuthentication=no -o PreferredAuthentications=gssapi-with-mic,gssapi-keyex,hostbased,publickey -o PasswordAuthentication=no -o User=root -o ConnectTimeout=10 -o ControlPath=/root/.ansible/cp/69ebd5c64d -tt localhost '/bin/sh -c '"'"'/usr/bin/python /root/.ansible/tmp/ansible-tmp-1554200789.87-241358842116748/AnsiballZ_ping.py && sleep 0'"'"''
<localhost> (0, '\r\n{"invocation": {"module_args": {"data": "pong"}}, "ping": "pong"}\r\n', 'OpenSSH_7.4p1, OpenSSL 1.0.2k-fips  26 Jan 2017\r\ndebug1: Reading configuration data /etc/ssh/ssh_config\r\ndebug1: /etc/ssh/ssh_config line 58: Applying options for *\r\ndebug1: auto-mux: Trying existing master\r\ndebug2: fd 3 setting O_NONBLOCK\r\ndebug2: mux_client_hello_exchange: master version 4\r\ndebug3: mux_client_forwards: request forwardings: 0 local, 0 remote\r\ndebug3: mux_client_request_session: entering\r\ndebug3: mux_client_request_alive: entering\r\ndebug3: mux_client_request_alive: done pid = 96598\r\ndebug3: mux_client_request_session: session request sent\r\ndebug1: mux_client_request_session: master session id: 2\r\ndebug3: mux_client_read_packet: read header failed: Broken pipe\r\ndebug2: Received exit status from master 0\r\nShared connection to localhost closed.\r\n')
<localhost> ESTABLISH SSH CONNECTION FOR USER: root
<localhost> SSH: EXEC ssh -vvv -C -o ControlMaster=auto -o ControlPersist=60s -o Port=2002 -o 'IdentityFile="/root/.ssh/id_rsa"' -o KbdInteractiveAuthentication=no -o PreferredAuthentications=gssapi-with-mic,gssapi-keyex,hostbased,publickey -o PasswordAuthentication=no -o User=root -o ConnectTimeout=10 -o ControlPath=/root/.ansible/cp/ca10be3a0f localhost '/bin/sh -c '"'"'rm -f -r /root/.ansible/tmp/ansible-tmp-1554200789.9-94510372060720/ > /dev/null 2>&1 && sleep 0'"'"''
<localhost> (0, '\r\n{"invocation": {"module_args": {"data": "pong"}}, "ping": "pong"}\r\n', 'OpenSSH_7.4p1, OpenSSL 1.0.2k-fips  26 Jan 2017\r\ndebug1: Reading configuration data /etc/ssh/ssh_config\r\ndebug1: /etc/ssh/ssh_config line 58: Applying options for *\r\ndebug1: auto-mux: Trying existing master\r\ndebug2: fd 3 setting O_NONBLOCK\r\ndebug2: mux_client_hello_exchange: master version 4\r\ndebug3: mux_client_forwards: request forwardings: 0 local, 0 remote\r\ndebug3: mux_client_request_session: entering\r\ndebug3: mux_client_request_alive: entering\r\ndebug3: mux_client_request_alive: done pid = 96597\r\ndebug3: mux_client_request_session: session request sent\r\ndebug1: mux_client_request_session: master session id: 2\r\ndebug3: mux_client_read_packet: read header failed: Broken pipe\r\ndebug2: Received exit status from master 0\r\nShared connection to localhost closed.\r\n')
<localhost> ESTABLISH SSH CONNECTION FOR USER: root
<localhost> SSH: EXEC ssh -vvv -C -o ControlMaster=auto -o ControlPersist=60s -o Port=2001 -o 'IdentityFile="/root/.ssh/id_rsa"' -o KbdInteractiveAuthentication=no -o PreferredAuthentications=gssapi-with-mic,gssapi-keyex,hostbased,publickey -o PasswordAuthentication=no -o User=root -o ConnectTimeout=10 -o ControlPath=/root/.ansible/cp/69ebd5c64d localhost '/bin/sh -c '"'"'rm -f -r /root/.ansible/tmp/ansible-tmp-1554200789.87-241358842116748/ > /dev/null 2>&1 && sleep 0'"'"''
<localhost> (0, '', 'OpenSSH_7.4p1, OpenSSL 1.0.2k-fips  26 Jan 2017\r\ndebug1: Reading configuration data /etc/ssh/ssh_config\r\ndebug1: /etc/ssh/ssh_config line 58: Applying options for *\r\ndebug1: auto-mux: Trying existing master\r\ndebug2: fd 3 setting O_NONBLOCK\r\ndebug2: mux_client_hello_exchange: master version 4\r\ndebug3: mux_client_forwards: request forwardings: 0 local, 0 remote\r\ndebug3: mux_client_request_session: entering\r\ndebug3: mux_client_request_alive: entering\r\ndebug3: mux_client_request_alive: done pid = 96598\r\ndebug3: mux_client_request_session: session request sent\r\ndebug1: mux_client_request_session: master session id: 2\r\ndebug3: mux_client_read_packet: read header failed: Broken pipe\r\ndebug2: Received exit status from master 0\r\n')
ubuntu2 | SUCCESS => {
    "changed": false, 
    "invocation": {
        "module_args": {
            "data": "pong"
        }
    }, 
    "ping": "pong"
}
<localhost> (0, '', 'OpenSSH_7.4p1, OpenSSL 1.0.2k-fips  26 Jan 2017\r\ndebug1: Reading configuration data /etc/ssh/ssh_config\r\ndebug1: /etc/ssh/ssh_config line 58: Applying options for *\r\ndebug1: auto-mux: Trying existing master\r\ndebug2: fd 3 setting O_NONBLOCK\r\ndebug2: mux_client_hello_exchange: master version 4\r\ndebug3: mux_client_forwards: request forwardings: 0 local, 0 remote\r\ndebug3: mux_client_request_session: entering\r\ndebug3: mux_client_request_alive: entering\r\ndebug3: mux_client_request_alive: done pid = 96597\r\ndebug3: mux_client_request_session: session request sent\r\ndebug1: mux_client_request_session: master session id: 2\r\ndebug3: mux_client_read_packet: read header failed: Broken pipe\r\ndebug2: Received exit status from master 0\r\n')
ubuntu1 | SUCCESS => {
    "changed": false, 
    "invocation": {
        "module_args": {
            "data": "pong"
        }
    }, 
    "ping": "pong"
}
META: ran handlers
META: ran handlers
